Arguments: 
  C:\Program Files\nodejs\node.exe C:\Program Files (x86)\Yarn\bin\yarn.js add three

PATH: 
  C:\WINDOWS\system32;C:\WINDOWS;C:\WINDOWS\System32\Wbem;C:\WINDOWS\System32\WindowsPowerShell\v1.0\;C:\WINDOWS\System32\OpenSSH\;C:\Program Files\Git\cmd;C:\Program Files (x86)\Yarn\bin\;C:\Program Files\Microsoft VS Code\bin;C:\Program Files\Microsoft SQL Server\150\Tools\Binn\;C:\Program Files\dotnet\;C:\Program Files\nodejs\;C:\ProgramData\chocolatey\bin;C:\Users\codin\AppData\Local\Microsoft\WindowsApps;C:\Users\codin\AppData\Local\Yarn\bin;C:\Users\codin\AppData\Roaming\npm;C:\Program Files\nodejs;

Yarn version: 
  1.22.19

Node version: 
  18.16.0

Platform: 
  win32 x64

Trace: 
  Error: EPERM: operation not permitted, unlink 'C:\Users\codin\OneDrive - Coding Hands Infotech LLP\Desktop\own\learn-threejs\node_modules\@next\swc-win32-x64-msvc\next-swc.win32-x64-msvc.node'

npm manifest: 
  {
    "name": "learn-threejs",
    "version": "0.1.0",
    "private": true,
    "scripts": {
      "dev": "next dev",
      "build": "next build",
      "start": "next start",
      "lint": "next lint"
    },
    "dependencies": {
      "eslint": "8.43.0",
      "eslint-config-next": "13.4.7",
      "next": "13.4.7",
      "react": "18.2.0",
      "react-dom": "18.2.0"
    }
  }

yarn manifest: 
  No manifest

Lockfile: 
  No lockfile
